<?xml version="1.0" encoding="UTF-8"?>
<testsuite name="LinkedListTest" tests="1" skipped="0" failures="0" errors="0" timestamp="2020-10-19T13:56:48" hostname="DESKTOP-UDL4V0I" time="0.003">
  <properties/>
  <testcase name="searchListTest" classname="LinkedListTest" time="0.003"/>
  <system-out><![CDATA[]]></system-out>
  <system-err><![CDATA[]]></system-err>
</testsuite>
