<?xml version="1.0" encoding="UTF-8"?>
<testsuite name="LinkedListTest" tests="1" skipped="0" failures="0" errors="0" timestamp="2020-10-19T14:44:55" hostname="DESKTOP-UDL4V0I" time="0.015">
  <properties/>
  <testcase name="testLinkedList_remove_insertednode" classname="LinkedListTest" time="0.015"/>
  <system-out><![CDATA[30
40
56
70
List Length: 4
30
56
70
List Length: 3
]]></system-out>
  <system-err><![CDATA[]]></system-err>
</testsuite>
